posenet/build/intermediates/manifest_merge_blame_file/debug/manifest-merger-blame-debug-report.txt
1<?xml version="1.0" encoding="utf-8"?>
2<manifest xmlns:android="http://schemas.android.com/apk/res/android"
3    package="com.taetae98.iip"
4    android:versionCode="1"
5    android:versionName="1.0" >
6
7    <uses-sdk
7-->src\main\AndroidManifest.xml:4:3-15
8        android:minSdkVersion="24"
8-->src\main\AndroidManifest.xml:4:3-15
9        android:targetSdkVersion="29" />
9-->src\main\AndroidManifest.xml:4:3-15
10
11</manifest>